Android/deviceadminapp3/app/build/intermediates/manifest_merge_blame_file/debug/processDebugMainManifest/manifest-merger-blame-debug-report.txt
1<?xml version="1.0" encoding="utf-8"?>
2<manifest xmlns:android="http://schemas.android.com/apk/res/android"
3    package="com.deviceadmin.app"
4    android:versionCode="3"
5    android:versionName="1.0.0" >
6
7    <uses-sdk
8        android:minSdkVersion="26"
9        android:targetSdkVersion="33" />
10
11    <!-- Network Permissions -->
12    <uses-permission android:name="android.permission.INTERNET" />
12-->src/main/AndroidManifest.xml:6:5-67
12-->src/main/AndroidManifest.xml:6:22-64
13    <uses-permission android:name="android.permission.ACCESS_NETWORK_STATE" />
13-->src/main/AndroidManifest.xml:7:5-79
13-->src/main/AndroidManifest.xml:7:22-76
14
15    <!-- Boot & Background -->
16    <uses-permission android:name="android.permission.RECEIVE_BOOT_COMPLETED" />
16-->src/main/AndroidManifest.xml:10:5-81
16-->src/main/AndroidManifest.xml:10:22-78
17    <uses-permission android:name="android.permission.FOREGROUND_SERVICE" />
17-->src/main/AndroidManifest.xml:11:5-77
17-->src/main/AndroidManifest.xml:11:22-74
18
19    <!-- Phone & Lock Features -->
20    <uses-permission android:name="android.permission.CALL_PHONE" />
20-->src/main/AndroidManifest.xml:14:5-69
20-->src/main/AndroidManifest.xml:14:22-66
21    <uses-permission android:name="android.permission.DISABLE_KEYGUARD" />
21-->src/main/AndroidManifest.xml:15:5-75
21-->src/main/AndroidManifest.xml:15:22-72
22    <uses-permission android:name="android.permission.SYSTEM_ALERT_WINDOW" />
22-->src/main/AndroidManifest.xml:16:5-78
22-->src/main/AndroidManifest.xml:16:22-75
23    <uses-permission android:name="android.permission.REORDER_TASKS" />
23-->src/main/AndroidManifest.xml:17:5-72
23-->src/main/AndroidManifest.xml:17:22-69
24
25    <!-- Package Management -->
26    <uses-permission android:name="android.permission.REQUEST_INSTALL_PACKAGES" />
26-->src/main/AndroidManifest.xml:20:5-83
26-->src/main/AndroidManifest.xml:20:22-80
27    <uses-permission android:name="android.permission.QUERY_ALL_PACKAGES" />
27-->src/main/AndroidManifest.xml:21:5-22:53
27-->src/main/AndroidManifest.xml:21:22-74
28    <uses-permission android:name="android.permission.WAKE_LOCK" />
28-->[androidx.work:work-runtime:2.8.1] AndroidManifest.xml:23:5-68
28-->[androidx.work:work-runtime:2.8.1] AndroidManifest.xml:23:22-65
29
30    <permission
30-->[androidx.core:core:1.10.1] AndroidManifest.xml:22:5-24:47
31        android:name="com.deviceadmin.app.DYNAMIC_RECEIVER_NOT_EXPORTED_PERMISSION"
31-->[androidx.core:core:1.10.1] AndroidManifest.xml:23:9-81
32        android:protectionLevel="signature" />
32-->[androidx.core:core:1.10.1] AndroidManifest.xml:24:9-44
33
34    <uses-permission android:name="com.deviceadmin.app.DYNAMIC_RECEIVER_NOT_EXPORTED_PERMISSION" />
34-->[androidx.core:core:1.10.1] AndroidManifest.xml:26:5-97
34-->[androidx.core:core:1.10.1] AndroidManifest.xml:26:22-94
35
36    <application
36-->src/main/AndroidManifest.xml:24:5-114:19
37        android:name="com.deviceadmin.app.DeviceAdminApplication"
37-->src/main/AndroidManifest.xml:25:9-47
38        android:allowBackup="false"
38-->src/main/AndroidManifest.xml:26:9-36
39        android:appComponentFactory="androidx.core.app.CoreComponentFactory"
39-->[androidx.core:core:1.10.1] AndroidManifest.xml:28:18-86
40        android:dataExtractionRules="@xml/data_extraction_rules"
40-->src/main/AndroidManifest.xml:27:9-65
41        android:debuggable="true"
42        android:extractNativeLibs="false"
43        android:fullBackupContent="@xml/backup_rules"
43-->src/main/AndroidManifest.xml:28:9-54
44        android:icon="@drawable/ic_launcher"
44-->src/main/AndroidManifest.xml:29:9-45
45        android:label="@string/app_name"
45-->src/main/AndroidManifest.xml:30:9-41
46        android:roundIcon="@drawable/ic_launcher"
46-->src/main/AndroidManifest.xml:31:9-50
47        android:supportsRtl="true"
47-->src/main/AndroidManifest.xml:32:9-35
48        android:theme="@style/Theme.DeviceAdmin" >
48-->src/main/AndroidManifest.xml:33:9-49
49
50        <!-- Main Activity (Setup/Admin Panel) -->
51        <activity
51-->src/main/AndroidManifest.xml:37:9-40:39
52            android:name="com.deviceadmin.app.ui.setup.SetupActivity"
52-->src/main/AndroidManifest.xml:38:13-51
53            android:excludeFromRecents="true"
53-->src/main/AndroidManifest.xml:39:13-46
54            android:exported="true" /> <!-- Activity Alias: Stealth Mode (My Downloads) -->
54-->src/main/AndroidManifest.xml:40:13-36
55        <activity-alias
55-->src/main/AndroidManifest.xml:43:9-55:26
56            android:name="com.deviceadmin.app.MainLauncherAlias"
56-->src/main/AndroidManifest.xml:44:13-46
57            android:enabled="true"
57-->src/main/AndroidManifest.xml:46:13-35
58            android:excludeFromRecents="true"
58-->src/main/AndroidManifest.xml:50:13-46
59            android:exported="true"
59-->src/main/AndroidManifest.xml:47:13-36
60            android:icon="@drawable/ic_download_folder"
60-->src/main/AndroidManifest.xml:48:13-56
61            android:label="@string/app_name_stealth"
61-->src/main/AndroidManifest.xml:49:13-53
62            android:targetActivity="com.deviceadmin.app.ui.setup.SetupActivity" >
62-->src/main/AndroidManifest.xml:45:13-61
63            <intent-filter>
63-->src/main/AndroidManifest.xml:51:13-54:29
64                <action android:name="android.intent.action.MAIN" />
64-->src/main/AndroidManifest.xml:52:17-69
64-->src/main/AndroidManifest.xml:52:25-66
65
66                <category android:name="android.intent.category.LAUNCHER" />
66-->src/main/AndroidManifest.xml:53:17-77
66-->src/main/AndroidManifest.xml:53:27-74
67            </intent-filter>
68        </activity-alias>
69
70        <!-- Lock Screen Activity -->
71        <activity
71-->src/main/AndroidManifest.xml:58:9-67:67
72            android:name="com.deviceadmin.app.ui.lock.LockScreenActivity"
72-->src/main/AndroidManifest.xml:59:13-55
73            android:excludeFromRecents="true"
73-->src/main/AndroidManifest.xml:60:13-46
74            android:exported="false"
74-->src/main/AndroidManifest.xml:61:13-37
75            android:launchMode="singleInstance"
75-->src/main/AndroidManifest.xml:62:13-48
76            android:showOnLockScreen="true"
76-->src/main/AndroidManifest.xml:64:13-44
77            android:showWhenLocked="true"
77-->src/main/AndroidManifest.xml:65:13-42
78            android:taskAffinity=""
78-->src/main/AndroidManifest.xml:63:13-36
79            android:theme="@style/Theme.DeviceAdmin.Fullscreen"
79-->src/main/AndroidManifest.xml:67:13-64
80            android:turnScreenOn="true" />
80-->src/main/AndroidManifest.xml:66:13-40
81
82        <!-- Device Admin Receiver -->
83        <receiver
83-->src/main/AndroidManifest.xml:70:9-80:20
84            android:name="com.deviceadmin.app.receiver.DeviceAdminReceiver"
84-->src/main/AndroidManifest.xml:71:13-57
85            android:exported="true"
85-->src/main/AndroidManifest.xml:73:13-36
86            android:permission="android.permission.BIND_DEVICE_ADMIN" >
86-->src/main/AndroidManifest.xml:72:13-70
87            <meta-data
87-->src/main/AndroidManifest.xml:74:13-76:65
88                android:name="android.app.device_admin"
88-->src/main/AndroidManifest.xml:75:17-56
89                android:resource="@xml/device_admin_policies" />
89-->src/main/AndroidManifest.xml:76:17-62
90
91            <intent-filter>
91-->src/main/AndroidManifest.xml:77:13-79:29
92                <action android:name="android.app.action.DEVICE_ADMIN_ENABLED" />
92-->src/main/AndroidManifest.xml:78:17-82
92-->src/main/AndroidManifest.xml:78:25-79
93            </intent-filter>
94        </receiver>
95
96        <!-- Boot Completed Receiver -->
97        <receiver
97-->src/main/AndroidManifest.xml:83:9-89:20
98            android:name="com.deviceadmin.app.receiver.BootReceiver"
98-->src/main/AndroidManifest.xml:84:13-50
99            android:exported="true" >
99-->src/main/AndroidManifest.xml:85:13-36
100            <intent-filter>
100-->src/main/AndroidManifest.xml:86:13-88:29
101                <action android:name="android.intent.action.BOOT_COMPLETED" />
101-->src/main/AndroidManifest.xml:87:17-79
101-->src/main/AndroidManifest.xml:87:25-76
102            </intent-filter>
103        </receiver>
104
105        <!-- Secret Dial Code Receiver -->
106        <receiver
106-->src/main/AndroidManifest.xml:92:9-99:20
107            android:name="com.deviceadmin.app.receiver.SecretCodeReceiver"
107-->src/main/AndroidManifest.xml:93:13-56
108            android:exported="true" >
108-->src/main/AndroidManifest.xml:94:13-36
109            <intent-filter>
109-->src/main/AndroidManifest.xml:95:13-98:29
110                <action android:name="android.provider.Telephony.SECRET_CODE" />
110-->src/main/AndroidManifest.xml:96:17-81
110-->src/main/AndroidManifest.xml:96:25-78
111
112                <data
112-->src/main/AndroidManifest.xml:97:17-82
113                    android:host="1133"
113-->src/main/AndroidManifest.xml:97:60-79
114                    android:scheme="android_secret_code" />
114-->src/main/AndroidManifest.xml:97:23-59
115            </intent-filter>
116        </receiver>
117
118        <!-- Accessibility Service (Protection) -->
119        <service
119-->src/main/AndroidManifest.xml:102:9-112:19
120            android:name="com.deviceadmin.app.service.ProtectionAccessibilityService"
120-->src/main/AndroidManifest.xml:103:13-67
121            android:exported="false"
121-->src/main/AndroidManifest.xml:104:13-37
122            android:permission="android.permission.BIND_ACCESSIBILITY_SERVICE" >
122-->src/main/AndroidManifest.xml:105:13-79
123            <intent-filter>
123-->src/main/AndroidManifest.xml:106:13-108:29
124                <action android:name="android.accessibilityservice.AccessibilityService" />
124-->src/main/AndroidManifest.xml:107:17-92
124-->src/main/AndroidManifest.xml:107:25-89
125            </intent-filter>
126
127            <meta-data
127-->src/main/AndroidManifest.xml:109:13-111:64
128                android:name="android.accessibilityservice"
128-->src/main/AndroidManifest.xml:110:17-60
129                android:resource="@xml/accessibility_config" />
129-->src/main/AndroidManifest.xml:111:17-61
130        </service>
131
132        <provider
132-->[androidx.emoji2:emoji2:1.2.0] AndroidManifest.xml:24:9-32:20
133            android:name="androidx.startup.InitializationProvider"
133-->[androidx.emoji2:emoji2:1.2.0] AndroidManifest.xml:25:13-67
134            android:authorities="com.deviceadmin.app.androidx-startup"
134-->[androidx.emoji2:emoji2:1.2.0] AndroidManifest.xml:26:13-68
135            android:exported="false" >
135-->[androidx.emoji2:emoji2:1.2.0] AndroidManifest.xml:27:13-37
136            <meta-data
136-->[androidx.emoji2:emoji2:1.2.0] AndroidManifest.xml:29:13-31:52
137                android:name="androidx.emoji2.text.EmojiCompatInitializer"
137-->[androidx.emoji2:emoji2:1.2.0] AndroidManifest.xml:30:17-75
138                android:value="androidx.startup" />
138-->[androidx.emoji2:emoji2:1.2.0] AndroidManifest.xml:31:17-49
139            <meta-data
139-->[androidx.work:work-runtime:2.8.1] AndroidManifest.xml:34:13-36:52
140                android:name="androidx.work.WorkManagerInitializer"
140-->[androidx.work:work-runtime:2.8.1] AndroidManifest.xml:35:17-68
141                android:value="androidx.startup" />
141-->[androidx.work:work-runtime:2.8.1] AndroidManifest.xml:36:17-49
142            <meta-data
142-->[androidx.lifecycle:lifecycle-process:2.6.1] AndroidManifest.xml:29:13-31:52
143                android:name="androidx.lifecycle.ProcessLifecycleInitializer"
143-->[androidx.lifecycle:lifecycle-process:2.6.1] AndroidManifest.xml:30:17-78
144                android:value="androidx.startup" />
144-->[androidx.lifecycle:lifecycle-process:2.6.1] AndroidManifest.xml:31:17-49
145            <meta-data
145-->[androidx.profileinstaller:profileinstaller:1.3.0] AndroidManifest.xml:29:13-31:52
146                android:name="androidx.profileinstaller.ProfileInstallerInitializer"
146-->[androidx.profileinstaller:profileinstaller:1.3.0] AndroidManifest.xml:30:17-85
147                android:value="androidx.startup" />
147-->[androidx.profileinstaller:profileinstaller:1.3.0] AndroidManifest.xml:31:17-49
148        </provider>
149
150        <service
150-->[androidx.work:work-runtime:2.8.1] AndroidManifest.xml:39:9-45:35
151            android:name="androidx.work.impl.background.systemalarm.SystemAlarmService"
151-->[androidx.work:work-runtime:2.8.1] AndroidManifest.xml:40:13-88
152            android:directBootAware="false"
152-->[androidx.work:work-runtime:2.8.1] AndroidManifest.xml:41:13-44
153            android:enabled="@bool/enable_system_alarm_service_default"
153-->[androidx.work:work-runtime:2.8.1] AndroidManifest.xml:42:13-72
154            android:exported="false" />
154-->[androidx.work:work-runtime:2.8.1] AndroidManifest.xml:43:13-37
155        <service
155-->[androidx.work:work-runtime:2.8.1] AndroidManifest.xml:46:9-52:35
156            android:name="androidx.work.impl.background.systemjob.SystemJobService"
156-->[androidx.work:work-runtime:2.8.1] AndroidManifest.xml:47:13-84
157            android:directBootAware="false"
157-->[androidx.work:work-runtime:2.8.1] AndroidManifest.xml:48:13-44
158            android:enabled="@bool/enable_system_job_service_default"
158-->[androidx.work:work-runtime:2.8.1] AndroidManifest.xml:49:13-70
159            android:exported="true"
159-->[androidx.work:work-runtime:2.8.1] AndroidManifest.xml:50:13-36
160            android:permission="android.permission.BIND_JOB_SERVICE" />
160-->[androidx.work:work-runtime:2.8.1] AndroidManifest.xml:51:13-69
161        <service
161-->[androidx.work:work-runtime:2.8.1] AndroidManifest.xml:53:9-59:35
162            android:name="androidx.work.impl.foreground.SystemForegroundService"
162-->[androidx.work:work-runtime:2.8.1] AndroidManifest.xml:54:13-81
163            android:directBootAware="false"
163-->[androidx.work:work-runtime:2.8.1] AndroidManifest.xml:55:13-44
164            android:enabled="@bool/enable_system_foreground_service_default"
164-->[androidx.work:work-runtime:2.8.1] AndroidManifest.xml:56:13-77
165            android:exported="false" />
165-->[androidx.work:work-runtime:2.8.1] AndroidManifest.xml:57:13-37
166
167        <receiver
167-->[androidx.work:work-runtime:2.8.1] AndroidManifest.xml:61:9-66:35
168            android:name="androidx.work.impl.utils.ForceStopRunnable$BroadcastReceiver"
168-->[androidx.work:work-runtime:2.8.1] AndroidManifest.xml:62:13-88
169            android:directBootAware="false"
169-->[androidx.work:work-runtime:2.8.1] AndroidManifest.xml:63:13-44
170            android:enabled="true"
170-->[androidx.work:work-runtime:2.8.1] AndroidManifest.xml:64:13-35
171            android:exported="false" />
171-->[androidx.work:work-runtime:2.8.1] AndroidManifest.xml:65:13-37
172        <receiver
172-->[androidx.work:work-runtime:2.8.1] AndroidManifest.xml:67:9-77:20
173            android:name="androidx.work.impl.background.systemalarm.ConstraintProxy$BatteryChargingProxy"
173-->[androidx.work:work-runtime:2.8.1] AndroidManifest.xml:68:13-106
174            android:directBootAware="false"
174-->[androidx.work:work-runtime:2.8.1] AndroidManifest.xml:69:13-44
175            android:enabled="false"
175-->[androidx.work:work-runtime:2.8.1] AndroidManifest.xml:70:13-36
176            android:exported="false" >
176-->[androidx.work:work-runtime:2.8.1] AndroidManifest.xml:71:13-37
177            <intent-filter>
177-->[androidx.work:work-runtime:2.8.1] AndroidManifest.xml:73:13-76:29
178                <action android:name="android.intent.action.ACTION_POWER_CONNECTED" />
178-->[androidx.work:work-runtime:2.8.1] AndroidManifest.xml:74:17-87
178-->[androidx.work:work-runtime:2.8.1] AndroidManifest.xml:74:25-84
179                <action android:name="android.intent.action.ACTION_POWER_DISCONNECTED" />
179-->[androidx.work:work-runtime:2.8.1] AndroidManifest.xml:75:17-90
179-->[androidx.work:work-runtime:2.8.1] AndroidManifest.xml:75:25-87
180            </intent-filter>
181        </receiver>
182        <receiver
182-->[androidx.work:work-runtime:2.8.1] AndroidManifest.xml:78:9-88:20
183            android:name="androidx.work.impl.background.systemalarm.ConstraintProxy$BatteryNotLowProxy"
183-->[androidx.work:work-runtime:2.8.1] AndroidManifest.xml:79:13-104
184            android:directBootAware="false"
184-->[androidx.work:work-runtime:2.8.1] AndroidManifest.xml:80:13-44
185            android:enabled="false"
185-->[androidx.work:work-runtime:2.8.1] AndroidManifest.xml:81:13-36
186            android:exported="false" >
186-->[androidx.work:work-runtime:2.8.1] AndroidManifest.xml:82:13-37
187            <intent-filter>
187-->[androidx.work:work-runtime:2.8.1] AndroidManifest.xml:84:13-87:29
188                <action android:name="android.intent.action.BATTERY_OKAY" />
188-->[androidx.work:work-runtime:2.8.1] AndroidManifest.xml:85:17-77
188-->[androidx.work:work-runtime:2.8.1] AndroidManifest.xml:85:25-74
189                <action android:name="android.intent.action.BATTERY_LOW" />
189-->[androidx.work:work-runtime:2.8.1] AndroidManifest.xml:86:17-76
189-->[androidx.work:work-runtime:2.8.1] AndroidManifest.xml:86:25-73
190            </intent-filter>
191        </receiver>
192        <receiver
192-->[androidx.work:work-runtime:2.8.1] AndroidManifest.xml:89:9-99:20
193            android:name="androidx.work.impl.background.systemalarm.ConstraintProxy$StorageNotLowProxy"
193-->[androidx.work:work-runtime:2.8.1] AndroidManifest.xml:90:13-104
194            android:directBootAware="false"
194-->[androidx.work:work-runtime:2.8.1] AndroidManifest.xml:91:13-44
195            android:enabled="false"
195-->[androidx.work:work-runtime:2.8.1] AndroidManifest.xml:92:13-36
196            android:exported="false" >
196-->[androidx.work:work-runtime:2.8.1] AndroidManifest.xml:93:13-37
197            <intent-filter>
197-->[androidx.work:work-runtime:2.8.1] AndroidManifest.xml:95:13-98:29
198                <action android:name="android.intent.action.DEVICE_STORAGE_LOW" />
198-->[androidx.work:work-runtime:2.8.1] AndroidManifest.xml:96:17-83
198-->[androidx.work:work-runtime:2.8.1] AndroidManifest.xml:96:25-80
199                <action android:name="android.intent.action.DEVICE_STORAGE_OK" />
199-->[androidx.work:work-runtime:2.8.1] AndroidManifest.xml:97:17-82
199-->[androidx.work:work-runtime:2.8.1] AndroidManifest.xml:97:25-79
200            </intent-filter>
201        </receiver>
202        <receiver
202-->[androidx.work:work-runtime:2.8.1] AndroidManifest.xml:100:9-109:20
203            android:name="androidx.work.impl.background.systemalarm.ConstraintProxy$NetworkStateProxy"
203-->[androidx.work:work-runtime:2.8.1] AndroidManifest.xml:101:13-103
204            android:directBootAware="false"
204-->[androidx.work:work-runtime:2.8.1] AndroidManifest.xml:102:13-44
205            android:enabled="false"
205-->[androidx.work:work-runtime:2.8.1] AndroidManifest.xml:103:13-36
206            android:exported="false" >
206-->[androidx.work:work-runtime:2.8.1] AndroidManifest.xml:104:13-37
207            <intent-filter>
207-->[androidx.work:work-runtime:2.8.1] AndroidManifest.xml:106:13-108:29
208                <action android:name="android.net.conn.CONNECTIVITY_CHANGE" />
208-->[androidx.work:work-runtime:2.8.1] AndroidManifest.xml:107:17-79
208-->[androidx.work:work-runtime:2.8.1] AndroidManifest.xml:107:25-76
209            </intent-filter>
210        </receiver>
211        <receiver
211-->[androidx.work:work-runtime:2.8.1] AndroidManifest.xml:110:9-121:20
212            android:name="androidx.work.impl.background.systemalarm.RescheduleReceiver"
212-->[androidx.work:work-runtime:2.8.1] AndroidManifest.xml:111:13-88
213            android:directBootAware="false"
213-->[androidx.work:work-runtime:2.8.1] AndroidManifest.xml:112:13-44
214            android:enabled="false"
214-->[androidx.work:work-runtime:2.8.1] AndroidManifest.xml:113:13-36
215            android:exported="false" >
215-->[androidx.work:work-runtime:2.8.1] AndroidManifest.xml:114:13-37
216            <intent-filter>
216-->[androidx.work:work-runtime:2.8.1] AndroidManifest.xml:116:13-120:29
217                <action android:name="android.intent.action.BOOT_COMPLETED" />
217-->src/main/AndroidManifest.xml:87:17-79
217-->src/main/AndroidManifest.xml:87:25-76
218                <action android:name="android.intent.action.TIME_SET" />
218-->[androidx.work:work-runtime:2.8.1] AndroidManifest.xml:118:17-73
218-->[androidx.work:work-runtime:2.8.1] AndroidManifest.xml:118:25-70
219                <action android:name="android.intent.action.TIMEZONE_CHANGED" />
219-->[androidx.work:work-runtime:2.8.1] AndroidManifest.xml:119:17-81
219-->[androidx.work:work-runtime:2.8.1] AndroidManifest.xml:119:25-78
220            </intent-filter>
221        </receiver>
222        <receiver
222-->[androidx.work:work-runtime:2.8.1] AndroidManifest.xml:122:9-131:20
223            android:name="androidx.work.impl.background.systemalarm.ConstraintProxyUpdateReceiver"
223-->[androidx.work:work-runtime:2.8.1] AndroidManifest.xml:123:13-99
224            android:directBootAware="false"
224-->[androidx.work:work-runtime:2.8.1] AndroidManifest.xml:124:13-44
225            android:enabled="@bool/enable_system_alarm_service_default"
225-->[androidx.work:work-runtime:2.8.1] AndroidManifest.xml:125:13-72
226            android:exported="false" >
226-->[androidx.work:work-runtime:2.8.1] AndroidManifest.xml:126:13-37
227            <intent-filter>
227-->[androidx.work:work-runtime:2.8.1] AndroidManifest.xml:128:13-130:29
228                <action android:name="androidx.work.impl.background.systemalarm.UpdateProxies" />
228-->[androidx.work:work-runtime:2.8.1] AndroidManifest.xml:129:17-98
228-->[androidx.work:work-runtime:2.8.1] AndroidManifest.xml:129:25-95
229            </intent-filter>
230        </receiver>
231        <receiver
231-->[androidx.work:work-runtime:2.8.1] AndroidManifest.xml:132:9-142:20
232            android:name="androidx.work.impl.diagnostics.DiagnosticsReceiver"
232-->[androidx.work:work-runtime:2.8.1] AndroidManifest.xml:133:13-78
233            android:directBootAware="false"
233-->[androidx.work:work-runtime:2.8.1] AndroidManifest.xml:134:13-44
234            android:enabled="true"
234-->[androidx.work:work-runtime:2.8.1] AndroidManifest.xml:135:13-35
235            android:exported="true"
235-->[androidx.work:work-runtime:2.8.1] AndroidManifest.xml:136:13-36
236            android:permission="android.permission.DUMP" >
236-->[androidx.work:work-runtime:2.8.1] AndroidManifest.xml:137:13-57
237            <intent-filter>
237-->[androidx.work:work-runtime:2.8.1] AndroidManifest.xml:139:13-141:29
238                <action android:name="androidx.work.diagnostics.REQUEST_DIAGNOSTICS" />
238-->[androidx.work:work-runtime:2.8.1] AndroidManifest.xml:140:17-88
238-->[androidx.work:work-runtime:2.8.1] AndroidManifest.xml:140:25-85
239            </intent-filter>
240        </receiver>
241
242        <service
242-->[androidx.room:room-runtime:2.5.0] AndroidManifest.xml:24:9-28:63
243            android:name="androidx.room.MultiInstanceInvalidationService"
243-->[androidx.room:room-runtime:2.5.0] AndroidManifest.xml:25:13-74
244            android:directBootAware="true"
244-->[androidx.room:room-runtime:2.5.0] AndroidManifest.xml:26:13-43
245            android:exported="false" />
245-->[androidx.room:room-runtime:2.5.0] AndroidManifest.xml:27:13-37
246
247        <receiver
247-->[androidx.profileinstaller:profileinstaller:1.3.0] AndroidManifest.xml:34:9-52:20
248            android:name="androidx.profileinstaller.ProfileInstallReceiver"
248-->[androidx.profileinstaller:profileinstaller:1.3.0] AndroidManifest.xml:35:13-76
249            android:directBootAware="false"
249-->[androidx.profileinstaller:profileinstaller:1.3.0] AndroidManifest.xml:36:13-44
250            android:enabled="true"
250-->[androidx.profileinstaller:profileinstaller:1.3.0] AndroidManifest.xml:37:13-35
251            android:exported="true"
251-->[androidx.profileinstaller:profileinstaller:1.3.0] AndroidManifest.xml:38:13-36
252            android:permission="android.permission.DUMP" >
252-->[androidx.profileinstaller:profileinstaller:1.3.0] AndroidManifest.xml:39:13-57
253            <intent-filter>
253-->[androidx.profileinstaller:profileinstaller:1.3.0] AndroidManifest.xml:40:13-42:29
254                <action android:name="androidx.profileinstaller.action.INSTALL_PROFILE" />
254-->[androidx.profileinstaller:profileinstaller:1.3.0] AndroidManifest.xml:41:17-91
254-->[androidx.profileinstaller:profileinstaller:1.3.0] AndroidManifest.xml:41:25-88
255            </intent-filter>
256            <intent-filter>
256-->[androidx.profileinstaller:profileinstaller:1.3.0] AndroidManifest.xml:43:13-45:29
257                <action android:name="androidx.profileinstaller.action.SKIP_FILE" />
257-->[androidx.profileinstaller:profileinstaller:1.3.0] AndroidManifest.xml:44:17-85
257-->[androidx.profileinstaller:profileinstaller:1.3.0] AndroidManifest.xml:44:25-82
258            </intent-filter>
259            <intent-filter>
259-->[androidx.profileinstaller:profileinstaller:1.3.0] AndroidManifest.xml:46:13-48:29
260                <action android:name="androidx.profileinstaller.action.SAVE_PROFILE" />
260-->[androidx.profileinstaller:profileinstaller:1.3.0] AndroidManifest.xml:47:17-88
260-->[androidx.profileinstaller:profileinstaller:1.3.0] AndroidManifest.xml:47:25-85
261            </intent-filter>
262            <intent-filter>
262-->[androidx.profileinstaller:profileinstaller:1.3.0] AndroidManifest.xml:49:13-51:29
263                <action android:name="androidx.profileinstaller.action.BENCHMARK_OPERATION" />
263-->[androidx.profileinstaller:profileinstaller:1.3.0] AndroidManifest.xml:50:17-95
263-->[androidx.profileinstaller:profileinstaller:1.3.0] AndroidManifest.xml:50:25-92
264            </intent-filter>
265        </receiver>
266    </application>
267
268</manifest>